2026-06-09 04:17:56,399 INFO o.a.j.u.JMeterUtils: Setting Locale to en_EN
2026-06-09 04:17:56,424 INFO o.a.j.JMeter: Loading user properties from: D:\Application\apache-jmeter-5.6.3\bin\user.properties
2026-06-09 04:17:56,425 INFO o.a.j.JMeter: Loading system properties from: D:\Application\apache-jmeter-5.6.3\bin\system.properties
2026-06-09 04:17:56,425 INFO o.a.j.JMeter: Setting JMeter property: jmeter_base_dir=E:\OnlineBoutique\Online-Boutique111\chaos-engineering\jmeter
2026-06-09 04:17:56,425 INFO o.a.j.JMeter: Setting JMeter property: run_id=CHAOS-20260609-041755
2026-06-09 04:17:56,425 INFO o.a.j.JMeter: Setting JMeter property: scenario=mixed
2026-06-09 04:17:56,425 INFO o.a.j.JMeter: Setting JMeter property: users=30
2026-06-09 04:17:56,425 INFO o.a.j.JMeter: Setting JMeter property: duration=10500
2026-06-09 04:17:56,425 INFO o.a.j.JMeter: Setting JMeter property: rampup=30
2026-06-09 04:17:56,425 INFO o.a.j.JMeter: Setting JMeter property: protocol=http
2026-06-09 04:17:56,425 INFO o.a.j.JMeter: Setting JMeter property: host=127.0.0.1
2026-06-09 04:17:56,425 INFO o.a.j.JMeter: Setting JMeter property: port=8080
2026-06-09 04:17:56,425 WARN o.a.j.JMeter: Removing JMeter property: base_path
2026-06-09 04:17:56,425 INFO o.a.j.JMeter: Setting JMeter property: checkout_percent=30
2026-06-09 04:17:56,425 INFO Creating summariser <summary>
Created the tree successfully using E:\OnlineBoutique\Online-Boutique111\chaos-engineering\jmeter\online-boutique.jmx
Starting standalone test @ 2026 Jun 9 04:17:56 CST (1780949876873)
Waiting for possible Shutdown/StopTestNow/HeapDump/ThreadDump message on port 4446
summary +      4 in 00:00:03 =    1.3/s Avg:    32 Min:    16 Max:    41 Err:     0 (0.00%) Active: 4 Started: 4 Finished: 0
errorlevel=143
«Žįī»ő“‚ľŁľŐ–Ý. . . 
026-06-09 04:17:56,431 INFO o.a.j.JMeter: os.name=Windows 11
2026-06-09 04:17:56,431 INFO o.a.j.JMeter: os.arch=amd64
2026-06-09 04:17:56,431 INFO o.a.j.JMeter: os.version=10.0
2026-06-09 04:17:56,431 INFO o.a.j.JMeter: file.encoding=UTF-8
2026-06-09 04:17:56,431 INFO o.a.j.JMeter: java.awt.headless=true
2026-06-09 04:17:56,431 INFO o.a.j.JMeter: Max memory     =1073741824
2026-06-09 04:17:56,431 INFO o.a.j.JMeter: Available Processors =20
2026-06-09 04:17:56,439 INFO o.a.j.JMeter: Default Locale=English (EN)
2026-06-09 04:17:56,439 INFO o.a.j.JMeter: JMeter  Locale=English (EN)
2026-06-09 04:17:56,439 INFO o.a.j.JMeter: JMeterHome=D:\Application\apache-jmeter-5.6.3
2026-06-09 04:17:56,439 INFO o.a.j.JMeter: user.dir  =E:\OnlineBoutique\Online-Boutique111\chaos-engineering
2026-06-09 04:17:56,440 INFO o.a.j.JMeter: PWD       =E:\OnlineBoutique\Online-Boutique111\chaos-engineering
2026-06-09 04:17:56,444 INFO o.a.j.JMeter: IP: 26.17.206.94 Name: LAPTOP FullName: LAPTOP
2026-06-09 04:17:56,454 INFO o.a.j.s.FileServer: Default base='E:\OnlineBoutique\Online-Boutique111\chaos-engineering'
2026-06-09 04:17:56,456 INFO o.a.j.s.FileServer: Set new base='E:\OnlineBoutique\Online-Boutique111\chaos-engineering\jmeter'
2026-06-09 04:17:56,661 INFO o.a.j.s.SaveService: Testplan (JMX) version: 2.2. Testlog (JTL) version: 2.2
2026-06-09 04:17:56,688 INFO o.a.j.s.SaveService: Using SaveService properties version 5.0
2026-06-09 04:17:56,691 INFO o.a.j.s.SaveService: Using SaveService properties file encoding UTF-8
2026-06-09 04:17:56,694 INFO o.a.j.s.SaveService: Loading file: E:\OnlineBoutique\Online-Boutique111\chaos-engineering\jmeter\online-boutique.jmx
2026-06-09 04:17:56,725 INFO o.a.j.p.h.c.CookieManager: Settings: Delete null: true Check: true Allow variable: true Save: false Prefix: COOKIE_
2026-06-09 04:17:56,728 INFO o.a.j.p.h.c.CacheManager: Will only cache the following methods: [GET]
2026-06-09 04:17:56,771 INFO o.a.j.p.h.s.HTTPSamplerBase: Parser for text/html is org.apache.jmeter.protocol.http.parser.LagartoBasedHtmlParser
2026-06-09 04:17:56,771 INFO o.a.j.p.h.s.HTTPSamplerBase: Parser for application/xhtml+xml is org.apache.jmeter.protocol.http.parser.LagartoBasedHtmlParser
2026-06-09 04:17:56,771 INFO o.a.j.p.h.s.HTTPSamplerBase: Parser for application/xml is org.apache.jmeter.protocol.http.parser.LagartoBasedHtmlParser
2026-06-09 04:17:56,771 INFO o.a.j.p.h.s.HTTPSamplerBase: Parser for text/xml is org.apache.jmeter.protocol.http.parser.LagartoBasedHtmlParser
2026-06-09 04:17:56,771 INFO o.a.j.p.h.s.HTTPSamplerBase: Parser for text/vnd.wap.wml is org.apache.jmeter.protocol.http.parser.RegexpHTMLParser
2026-06-09 04:17:56,772 INFO o.a.j.p.h.s.HTTPSamplerBase: Parser for text/css is org.apache.jmeter.protocol.http.parser.CssParser
2026-06-09 04:17:56,842 INFO o.a.j.JMeter: Creating summariser <summary>
2026-06-09 04:17:56,882 INFO o.a.j.e.StandardJMeterEngine: Running the test!
2026-06-09 04:17:56,882 INFO o.a.j.s.SampleEvent: List of sample_variables: []
2026-06-09 04:17:56,883 INFO o.a.j.s.SampleEvent: List of sample_variables: []
2026-06-09 04:17:56,888 INFO o.a.j.e.u.CompoundVariable: Note: Function class names must contain the string: '.functions.'
2026-06-09 04:17:56,888 INFO o.a.j.e.u.CompoundVariable: Note: Function class names must not contain the string: '.gui.'
2026-06-09 04:17:56,922 INFO o.a.j.r.ClassFinder: Will scan jar D:\Application\apache-jmeter-5.6.3\lib\ext\jmeter-plugins-webdriver-4.13.0.2.jar with filter ExtendsClassFilter [parents=[interface org.apache.jmeter.functions.Function], inner=false, contains=null, notContains=null]. Consider exposing JMeter plugins via META-INF/services, and add JMeter-Skip-Class-Scanning=true manifest attribute so JMeter can skip classfile scanning
2026-06-09 04:17:56,938 INFO o.a.j.r.ClassFinder: Will scan jar D:\Application\apache-jmeter-5.6.3\lib\ext\jmeter-plugins-manager-1.12.jar with filter ExtendsClassFilter [parents=[interface org.apache.jmeter.functions.Function], inner=false, contains=null, notContains=null]. Consider exposing JMeter plugins via META-INF/services, and add JMeter-Skip-Class-Scanning=true manifest attribute so JMeter can skip classfile scanning
2026-06-09 04:17:57,273 INFO o.a.j.JMeter: Running test (1780949877272)
2026-06-09 04:17:57,294 INFO o.a.j.e.StandardJMeterEngine: Starting ThreadGroup: 1 : Online Boutique Users
2026-06-09 04:17:57,295 INFO o.a.j.e.StandardJMeterEngine: Starting 30 threads for group Online Boutique Users.
2026-06-09 04:17:57,295 INFO o.a.j.e.StandardJMeterEngine: Thread will continue on error
2026-06-09 04:17:57,295 INFO o.a.j.t.ThreadGroup: Starting thread group... number=1 threads=30 ramp-up=30 delayedStart=false
2026-06-09 04:17:57,323 INFO o.a.j.t.JMeterThread: Thread started: Online Boutique Users 1-1
2026-06-09 04:17:57,329 INFO o.a.j.s.FileServer: Stored: E:\OnlineBoutique\Online-Boutique111\chaos-engineering\jmeter/data/products.csv
2026-06-09 04:17:57,355 INFO o.a.j.t.ThreadGroup: Started thread group number 1
2026-06-09 04:17:57,355 INFO o.a.j.e.StandardJMeterEngine: All thread groups have been started
2026-06-09 04:17:58,319 INFO o.a.j.t.JMeterThread: Thread started: Online Boutique Users 1-2
2026-06-09 04:17:58,364 INFO o.a.j.p.h.s.HTTPHCAbstractImpl: Local host = LAPTOP
2026-06-09 04:17:58,368 INFO o.a.j.p.h.s.HTTPHC4Impl: HTTP request retry count = 0
2026-06-09 04:17:58,369 INFO o.a.j.s.SampleResult: Note: Sample TimeStamps are START times
2026-06-09 04:17:58,369 INFO o.a.j.s.SampleResult: sampleresult.default.encoding is set to UTF-8
2026-06-09 04:17:58,369 INFO o.a.j.s.SampleResult: sampleresult.useNanoTime=true
2026-06-09 04:17:58,369 INFO o.a.j.s.SampleResult: sampleresult.nanoThreadSleep=5000
2026-06-09 04:17:59,314 INFO o.a.j.t.JMeterThread: Thread started: Online Boutique Users 1-3
2026-06-09 04:18:00,311 INFO o.a.j.t.JMeterThread: Thread started: Online Boutique Users 1-4
2026-06-09 04:18:00,351 INFO o.a.j.r.Summariser: summary +      4 in 00:00:03 =    1.3/s Avg:    32 Min:    16 Max:    41 Err:     0 (0.00%) Active: 4 Started: 4 Finished: 0
2026-06-09 04:18:01,310 INFO o.a.j.t.JMeterThread: Thread started: Online Boutique Users 1-5
